<?xml version="1.0" encoding="UTF-8"?>
<!-- Generated by org.testng.reporters.JUnitReportReporter -->
<testsuite hostname="DESKTOP-PI1E5HG" failures="0" tests="3" name="vishwalearning.SubmitOrderTest" time="20.217" errors="0" timestamp="2023-09-24T23:52:09 IST" skipped="0">
  <testcase classname="vishwalearning.SubmitOrderTest" name="SubmitOrder" time="3.211"/>
  <testcase classname="vishwalearning.SubmitOrderTest" name="SubmitOrder" time="14.385"/>
  <testcase classname="vishwalearning.SubmitOrderTest" name="orderHistoryTest" time="2.621"/>
</testsuite> <!-- vishwalearning.SubmitOrderTest -->
