<?xml version="1.0" encoding="UTF-8"?>
<!-- Generated by org.testng.reporters.JUnitReportReporter -->
<testsuite hostname="DESKTOP-PI1E5HG" failures="0" tests="1" name="vishwalearning.SubmitOrder" time="19.415" errors="0" timestamp="2023-08-18T17:51:47 IST" skipped="0">
  <testcase classname="vishwalearning.SubmitOrder" name="SubmitOrderTest" time="19.415"/>
</testsuite> <!-- vishwalearning.SubmitOrder -->
