<?xml version="1.0" encoding="UTF-8"?>
<!-- Generated by org.testng.reporters.JUnitReportReporter -->
<testsuite hostname="DESKTOP-PI1E5HG" failures="0" tests="1" name="vishwalearning.ErrorValidationTest" time="1.637" errors="0" timestamp="2023-09-24T23:53:51 IST" skipped="0">
  <testcase classname="vishwalearning.ErrorValidationTest" name="loginErrorValidation" time="1.637"/>
</testsuite> <!-- vishwalearning.ErrorValidationTest -->
